+-----------------------------------------+
| L'arxiu resultant es troba al directori |
+-----------------------------------------+
| /tmp/instadb.out                        |
+-----------------------------------------+
+-------------------------+
| current_timestamp(3)    |
+-------------------------+
| 2024-10-18 15:59:53.940 |
+-------------------------+
+---------------------------+
| [ ** RESULTAT INSERT ** ] |
+---------------------------+
| ** Correcte ** 3          |
+---------------------------+
+-------------------------+
| current_timestamp(3)    |
+-------------------------+
| 2024-10-18 15:59:53.953 |
+-------------------------+
+---------------------------+
| [ ** RESULTAT UPDATE ** ] |
+---------------------------+
| ** Correcte ** 1          |
+---------------------------+
+------------------------------------------------------------------+
| ----------------------- Finalitzacio --------------------------- |
+------------------------------------------------------------------+
| Joc de Proves                                                    |
+------------------------------------------------------------------+
+----------------------------+------------------------------------------------------------------------------------------------------------------------------------------------------+
| event_time                 | arg                                                                                                                                                  |
+----------------------------+------------------------------------------------------------------------------------------------------------------------------------------------------+
| 2024-10-18 15:59:53.938071 | SET @tags=NULL, @valor=NULL                                                                                                                          |
| 2024-10-18 15:59:53.940145 | SET AUTOCOMMIT = 0                                                                                                                                   |
| 2024-10-18 15:59:53.940496 | SELECT current_timestamp(3)                                                                                                                          |
| 2024-10-18 15:59:53.944987 | INSERT INTO photouser VALUES (1000, 'Allen', sysdate(), 'Noruega', 'Lorem #Ipsum ##, #fjord .')                                                      |
| 2024-10-18 15:59:53.945748 | INSERT INTO tagphoto (idphoto, nomuser, tag) VALUES (NEW.idphoto, NEW.nomuser,  NAME_CONST('tag',_utf8mb4'Ipsum' COLLATE 'utf8mb4_0900_ai_ci'))      |
| 2024-10-18 15:59:53.945999 | INSERT INTO tagphoto (idphoto, nomuser, tag) VALUES (NEW.idphoto, NEW.nomuser,  NAME_CONST('tag',_utf8mb4'#,' COLLATE 'utf8mb4_0900_ai_ci'))         |
| 2024-10-18 15:59:53.946042 | INSERT INTO tagphoto (idphoto, nomuser, tag) VALUES (NEW.idphoto, NEW.nomuser,  NAME_CONST('tag',_utf8mb4'fjord' COLLATE 'utf8mb4_0900_ai_ci'))      |
| 2024-10-18 15:59:53.946395 | SHOW ERRORS                                                                                                                                          |
| 2024-10-18 15:59:53.947349 | SHOW warnings                                                                                                                                        |
| 2024-10-18 15:59:53.948120 | SELECT count(*) as tags FROM tagphoto WHERE idphoto=1000 AND nomuser = 'Allen' INTO @tags                                                            |
| 2024-10-18 15:59:53.949495 | SET @valor = CASE 
  WHEN @tags=3 THEN '** Correcte **'
  ELSE
    '** ERROR o Incorrecte **'
END                                                    |
| 2024-10-18 15:59:53.949923 | SELECT CONCAT(@valor, " ", @tags) AS '[ ** RESULTAT INSERT ** ]'                                                                                     |
| 2024-10-18 15:59:53.953722 | SELECT current_timestamp(3)                                                                                                                          |
| 2024-10-18 15:59:53.957209 | SET @tags=NULL, @valor=NULL                                                                                                                          |
| 2024-10-18 15:59:53.957565 | UPDATE photouser SET descripcio = 'Els tags es #minimitzen de tagphoto' where idphoto = 1000 and nomuser = 'Allen'                                   |
| 2024-10-18 15:59:53.957796 | DELETE FROM tagphoto WHERE idphoto = NEW.idphoto AND nomuser = NEW.nomuser                                                                           |
| 2024-10-18 15:59:53.958154 | INSERT INTO tagphoto (idphoto, nomuser, tag) VALUES (NEW.idphoto, NEW.nomuser,  NAME_CONST('tag',_utf8mb4'minimitzen' COLLATE 'utf8mb4_0900_ai_ci')) |
| 2024-10-18 15:59:53.958601 | SELECT count(*) as tags FROM tagphoto WHERE idphoto=1000 AND nomuser = 'Allen' INTO @tags                                                            |
| 2024-10-18 15:59:53.958918 | SET @valor = CASE 
  WHEN @tags=1 THEN '** Correcte **'
  ELSE
    '** ERROR o Incorrecte **'
END                                                    |
| 2024-10-18 15:59:53.964940 | SELECT CONCAT(@valor, " ", @tags) AS '[ ** RESULTAT UPDATE ** ]'                                                                                     |
| 2024-10-18 15:59:53.970585 | SHOW errors                                                                                                                                          |
| 2024-10-18 15:59:53.970747 | SHOW warnings                                                                                                                                        |
| 2024-10-18 15:59:53.970875 | SELECT 'Joc de Proves' AS '----------------------- Finalitzacio ---------------------------'                                                         |
| 2024-10-18 15:59:53.975736 | SELECT event_time, CAST(argument AS CHAR(10000) CHARACTER SET utf8)  as arg  FROM mysql.general_log ORDER BY event_time                              |
+----------------------------+------------------------------------------------------------------------------------------------------------------------------------------------------+
